The target system is: Generic - 1 - 
The host system is: Darwin - 17.7.0 - x86_64
Compiling the C compiler identification source file "CMakeCCompilerId.c" succeeded.
Compiler: /Users/dingyang/tools/gcc-arm-none-eabi/bin/arm-none-eabi-gcc 
Build flags: 
Id flags: -c 

The output was:
0


Compilation of the C compiler identification source "CMakeCCompilerId.c" produced "CMakeCCompilerId.o"

The C compiler identification is GNU, found in "/Users/dingyang/Public/GitHub/micromouse_projs/mms_test/build/CMakeFiles/3.12.1/CompilerIdC/CMakeCCompilerId.o"

Compiling the CXX compiler identification source file "CMakeCXXCompilerId.cpp" succeeded.
Compiler: /Users/dingyang/tools/gcc-arm-none-eabi/bin/arm-none-eabi-g++ 
Build flags: 
Id flags: -c 

The output was:
0


Compilation of the CXX compiler identification source "CMakeCXXCompilerId.cpp" produced "CMakeCXXCompilerId.o"

The CXX compiler identification is GNU, found in "/Users/dingyang/Public/GitHub/micromouse_projs/mms_test/build/CMakeFiles/3.12.1/CompilerIdCXX/CMakeCXXCompilerId.o"

Checking whether the ASM compiler is GNU using "--version" matched "(GNU assembler)|(GCC)|(Free Software Foundation)":
arm-none-eabi-gcc (GNU Tools for ARM Embedded Processors) 5.4.1 20160919 (release) [ARM/embedded-5-branch revision 240496]
Copyright (C) 2015 Free Software Foundation, Inc.
This is free software; see the source for copying conditions.  There is NO
warranty; not even for MERCHANTABILITY or FITNESS FOR A PARTICULAR PURPOSE.

Detecting C compiler ABI info compiled with the following output:
Change Dir: /Users/dingyang/Public/GitHub/micromouse_projs/mms_test/build/CMakeFiles/CMakeTmp

Run Build Command:"/usr/bin/make" "cmTC_352b8/fast"
/Library/Developer/CommandLineTools/usr/bin/make -f CMakeFiles/cmTC_352b8.dir/build.make CMakeFiles/cmTC_352b8.dir/build
Building C object CMakeFiles/cmTC_352b8.dir/CMakeCCompilerABI.c.obj
/Users/dingyang/tools/gcc-arm-none-eabi/bin/arm-none-eabi-gcc   -mcpu=cortex-m4  -mthumb -mthumb-interwork -ffunction-sections -fdata-sections -g -fno-common -fmessage-length=0 -specs=nosys.specs -specs=nano.specs -std=gnu99    -o CMakeFiles/cmTC_352b8.dir/CMakeCCompilerABI.c.obj   -c /usr/local/Cellar/cmake/3.12.1/share/cmake/Modules/CMakeCCompilerABI.c
Linking C executable cmTC_352b8
/usr/local/Cellar/cmake/3.12.1/bin/cmake -E cmake_link_script CMakeFiles/cmTC_352b8.dir/link.txt --verbose=1
/Users/dingyang/tools/gcc-arm-none-eabi/bin/arm-none-eabi-gcc -mcpu=cortex-m4  -mthumb -mthumb-interwork -ffunction-sections -fdata-sections -g -fno-common -fmessage-length=0 -specs=nosys.specs -specs=nano.specs -std=gnu99   -Wl,-gc-sections -T /Users/dingyang/Public/GitHub/micromouse_projs/mms_test/STM32F446RETx_FLASH.ld -v CMakeFiles/cmTC_352b8.dir/CMakeCCompilerABI.c.obj  -o cmTC_352b8 
Using built-in specs.
Reading specs from /Users/dingyang/tools/gcc-arm-none-eabi/bin/../lib/gcc/arm-none-eabi/5.4.1/../../../../arm-none-eabi/lib/nosys.specs
rename spec link_gcc_c_sequence to nosys_link_gcc_c_sequence
Reading specs from /Users/dingyang/tools/gcc-arm-none-eabi/bin/../lib/gcc/arm-none-eabi/5.4.1/../../../../arm-none-eabi/lib/nano.specs
rename spec link to nano_link
rename spec link_gcc_c_sequence to nano_link_gcc_c_sequence
rename spec cpp to nano_cpp
COLLECT_GCC=/Users/dingyang/tools/gcc-arm-none-eabi/bin/arm-none-eabi-gcc
COLLECT_LTO_WRAPPER=/Users/dingyang/tools/gcc-arm-none-eabi/bin/../lib/gcc/arm-none-eabi/5.4.1/lto-wrapper
Target: arm-none-eabi
Configured with: /Users/build/workspace/GCC-5-build_build-toolchain-mac/gcc-arm-none-eabi-5_4-2016q3-20160926/src/gcc/configure --target=arm-none-eabi --prefix=/Users/build/workspace/GCC-5-build_build-toolchain-mac/gcc-arm-none-eabi-5_4-2016q3-20160926/install-native --libexecdir=/Users/build/workspace/GCC-5-build_build-toolchain-mac/gcc-arm-none-eabi-5_4-2016q3-20160926/install-native/lib --infodir=/Users/build/workspace/GCC-5-build_build-toolchain-mac/gcc-arm-none-eabi-5_4-2016q3-20160926/install-native/share/doc/gcc-arm-none-eabi/info --mandir=/Users/build/workspace/GCC-5-build_build-toolchain-mac/gcc-arm-none-eabi-5_4-2016q3-20160926/install-native/share/doc/gcc-arm-none-eabi/man --htmldir=/Users/build/workspace/GCC-5-build_build-toolchain-mac/gcc-arm-none-eabi-5_4-2016q3-20160926/install-native/share/doc/gcc-arm-none-eabi/html --pdfdir=/Users/build/workspace/GCC-5-build_build-toolchain-mac/gcc-arm-none-eabi-5_4-2016q3-20160926/install-native/share/doc/gcc-arm-none-eabi/pdf --enable-languages=c,c++ --enable-plugins --disable-decimal-float --disable-libffi --disable-libgomp --disable-libmudflap --disable-libquadmath --disable-libssp --disable-libstdcxx-pch --disable-nls --disable-shared --disable-threads --disable-tls --with-gnu-as --with-gnu-ld --with-newlib --with-headers=yes --with-python-dir=share/gcc-arm-none-eabi --with-sysroot=/Users/build/workspace/GCC-5-build_build-toolchain-mac/gcc-arm-none-eabi-5_4-2016q3-20160926/install-native/arm-none-eabi --build=x86_64-apple-darwin10 --host=x86_64-apple-darwin10 --with-gmp=/Users/build/workspace/GCC-5-build_build-toolchain-mac/gcc-arm-none-eabi-5_4-2016q3-20160926/build-native/host-libs/usr --with-mpfr=/Users/build/workspace/GCC-5-build_build-toolchain-mac/gcc-arm-none-eabi-5_4-2016q3-20160926/build-native/host-libs/usr --with-mpc=/Users/build/workspace/GCC-5-build_build-toolchain-mac/gcc-arm-none-eabi-5_4-2016q3-20160926/build-native/host-libs/usr --with-isl=/Users/build/workspace/GCC-5-build_build-toolchain-mac/gcc-arm-none-eabi-5_4-2016q3-20160926/build-native/host-libs/usr --with-cloog=/Users/build/workspace/GCC-5-build_build-toolchain-mac/gcc-arm-none-eabi-5_4-2016q3-20160926/build-native/host-libs/usr --with-libelf=/Users/build/workspace/GCC-5-build_build-toolchain-mac/gcc-arm-none-eabi-5_4-2016q3-20160926/build-native/host-libs/usr --with-host-libstdcxx='-static-libgcc -Wl,-lstdc++ -lm' --with-pkgversion='GNU Tools for ARM Embedded Processors' --with-multilib-list=armv6-m,armv7-m,armv7e-m,armv7-r,armv8-m.base,armv8-m.main
Thread model: single
gcc version 5.4.1 20160919 (release) [ARM/embedded-5-branch revision 240496] (GNU Tools for ARM Embedded Processors) 
COMPILER_PATH=/Users/dingyang/tools/gcc-arm-none-eabi/bin/../lib/gcc/arm-none-eabi/5.4.1/:/Users/dingyang/tools/gcc-arm-none-eabi/bin/../lib/gcc/:/Users/dingyang/tools/gcc-arm-none-eabi/bin/../lib/gcc/arm-none-eabi/5.4.1/../../../../arm-none-eabi/bin/
LIBRARY_PATH=/Users/dingyang/tools/gcc-arm-none-eabi/bin/../lib/gcc/arm-none-eabi/5.4.1/armv7e-m/:/Users/dingyang/tools/gcc-arm-none-eabi/bin/../lib/gcc/arm-none-eabi/5.4.1/../../../../arm-none-eabi/lib/armv7e-m/:/Users/dingyang/tools/gcc-arm-none-eabi/bin/../arm-none-eabi/lib/armv7e-m/:/Users/dingyang/tools/gcc-arm-none-eabi/bin/../lib/gcc/arm-none-eabi/5.4.1/:/Users/dingyang/tools/gcc-arm-none-eabi/bin/../lib/gcc/:/Users/dingyang/tools/gcc-arm-none-eabi/bin/../lib/gcc/arm-none-eabi/5.4.1/../../../../arm-none-eabi/lib/:/Users/dingyang/tools/gcc-arm-none-eabi/bin/../arm-none-eabi/lib/
COLLECT_GCC_OPTIONS='-mcpu=cortex-m4' '-mthumb' '-mthumb-interwork' '-ffunction-sections' '-fdata-sections' '-g' '-fno-common' '-fmessage-length=0' '-specs=nosys.specs' '-specs=nano.specs' '-std=gnu99' '-T' '/Users/dingyang/Public/GitHub/micromouse_projs/mms_test/STM32F446RETx_FLASH.ld' '-v' '-o' 'cmTC_352b8'
 /Users/dingyang/tools/gcc-arm-none-eabi/bin/../lib/gcc/arm-none-eabi/5.4.1/collect2 -plugin /Users/dingyang/tools/gcc-arm-none-eabi/bin/../lib/gcc/arm-none-eabi/5.4.1/liblto_plugin.so -plugin-opt=/Users/dingyang/tools/gcc-arm-none-eabi/bin/../lib/gcc/arm-none-eabi/5.4.1/lto-wrapper -plugin-opt=-fresolution=/var/folders/ph/_2gygkx16xb7ln5ytvr0mwkm0000gn/T//ccLpYgRC.res -plugin-opt=-pass-through=-lgcc -plugin-opt=-pass-through=-lg_nano -plugin-opt=-pass-through=-lc_nano -plugin-opt=-pass-through=-lgcc -plugin-opt=-pass-through=-lc_nano -plugin-opt=-pass-through=-lnosys -plugin-opt=-pass-through=-lgcc -plugin-opt=-pass-through=-lc_nano -plugin-opt=-pass-through=-lnosys --sysroot=/Users/dingyang/tools/gcc-arm-none-eabi/bin/../arm-none-eabi -X -o cmTC_352b8 /Users/dingyang/tools/gcc-arm-none-eabi/bin/../lib/gcc/arm-none-eabi/5.4.1/armv7e-m/crti.o /Users/dingyang/tools/gcc-arm-none-eabi/bin/../lib/gcc/arm-none-eabi/5.4.1/armv7e-m/crtbegin.o /Users/dingyang/tools/gcc-arm-none-eabi/bin/../lib/gcc/arm-none-eabi/5.4.1/../../../../arm-none-eabi/lib/armv7e-m/crt0.o -L/Users/dingyang/tools/gcc-arm-none-eabi/bin/../lib/gcc/arm-none-eabi/5.4.1/armv7e-m -L/Users/dingyang/tools/gcc-arm-none-eabi/bin/../lib/gcc/arm-none-eabi/5.4.1/../../../../arm-none-eabi/lib/armv7e-m -L/Users/dingyang/tools/gcc-arm-none-eabi/bin/../arm-none-eabi/lib/armv7e-m -L/Users/dingyang/tools/gcc-arm-none-eabi/bin/../lib/gcc/arm-none-eabi/5.4.1 -L/Users/dingyang/tools/gcc-arm-none-eabi/bin/../lib/gcc -L/Users/dingyang/tools/gcc-arm-none-eabi/bin/../lib/gcc/arm-none-eabi/5.4.1/../../../../arm-none-eabi/lib -L/Users/dingyang/tools/gcc-arm-none-eabi/bin/../arm-none-eabi/lib -gc-sections CMakeFiles/cmTC_352b8.dir/CMakeCCompilerABI.c.obj --start-group -lgcc -lg_nano -lc_nano --end-group --start-group -lgcc -lc_nano -lnosys --end-group --start-group -lgcc -lc_nano -lnosys --end-group /Users/dingyang/tools/gcc-arm-none-eabi/bin/../lib/gcc/arm-none-eabi/5.4.1/armv7e-m/crtend.o /Users/dingyang/tools/gcc-arm-none-eabi/bin/../lib/gcc/arm-none-eabi/5.4.1/armv7e-m/crtn.o -T /Users/dingyang/Public/GitHub/micromouse_projs/mms_test/STM32F446RETx_FLASH.ld
/Users/dingyang/tools/gcc-arm-none-eabi/bin/../lib/gcc/arm-none-eabi/5.4.1/../../../../arm-none-eabi/bin/ld: warning: cannot find entry symbol Reset_Handler; defaulting to 0000000008008000


Parsed C implicit link information from above output:
  link line regex: [^( *|.*[/\])(arm-none-eabi-ld|CMAKE_LINK_STARTFILE-NOTFOUND|([^/\]+-)?ld|collect2)[^/\]*( |$)]
  ignore line: [Change Dir: /Users/dingyang/Public/GitHub/micromouse_projs/mms_test/build/CMakeFiles/CMakeTmp]
  ignore line: []
  ignore line: [Run Build Command:"/usr/bin/make" "cmTC_352b8/fast"]
  ignore line: [/Library/Developer/CommandLineTools/usr/bin/make -f CMakeFiles/cmTC_352b8.dir/build.make CMakeFiles/cmTC_352b8.dir/build]
  ignore line: [Building C object CMakeFiles/cmTC_352b8.dir/CMakeCCompilerABI.c.obj]
  ignore line: [/Users/dingyang/tools/gcc-arm-none-eabi/bin/arm-none-eabi-gcc   -mcpu=cortex-m4  -mthumb -mthumb-interwork -ffunction-sections -fdata-sections -g -fno-common -fmessage-length=0 -specs=nosys.specs -specs=nano.specs -std=gnu99    -o CMakeFiles/cmTC_352b8.dir/CMakeCCompilerABI.c.obj   -c /usr/local/Cellar/cmake/3.12.1/share/cmake/Modules/CMakeCCompilerABI.c]
  ignore line: [Linking C executable cmTC_352b8]
  ignore line: [/usr/local/Cellar/cmake/3.12.1/bin/cmake -E cmake_link_script CMakeFiles/cmTC_352b8.dir/link.txt --verbose=1]
  ignore line: [/Users/dingyang/tools/gcc-arm-none-eabi/bin/arm-none-eabi-gcc -mcpu=cortex-m4  -mthumb -mthumb-interwork -ffunction-sections -fdata-sections -g -fno-common -fmessage-length=0 -specs=nosys.specs -specs=nano.specs -std=gnu99   -Wl,-gc-sections -T /Users/dingyang/Public/GitHub/micromouse_projs/mms_test/STM32F446RETx_FLASH.ld -v CMakeFiles/cmTC_352b8.dir/CMakeCCompilerABI.c.obj  -o cmTC_352b8 ]
  ignore line: [Using built-in specs.]
  ignore line: [Reading specs from /Users/dingyang/tools/gcc-arm-none-eabi/bin/../lib/gcc/arm-none-eabi/5.4.1/../../../../arm-none-eabi/lib/nosys.specs]
  ignore line: [rename spec link_gcc_c_sequence to nosys_link_gcc_c_sequence]
  ignore line: [Reading specs from /Users/dingyang/tools/gcc-arm-none-eabi/bin/../lib/gcc/arm-none-eabi/5.4.1/../../../../arm-none-eabi/lib/nano.specs]
  ignore line: [rename spec link to nano_link]
  ignore line: [rename spec link_gcc_c_sequence to nano_link_gcc_c_sequence]
  ignore line: [rename spec cpp to nano_cpp]
  ignore line: [COLLECT_GCC=/Users/dingyang/tools/gcc-arm-none-eabi/bin/arm-none-eabi-gcc]
  ignore line: [COLLECT_LTO_WRAPPER=/Users/dingyang/tools/gcc-arm-none-eabi/bin/../lib/gcc/arm-none-eabi/5.4.1/lto-wrapper]
  ignore line: [Target: arm-none-eabi]
  ignore line: [Configured with: /Users/build/workspace/GCC-5-build_build-toolchain-mac/gcc-arm-none-eabi-5_4-2016q3-20160926/src/gcc/configure --target=arm-none-eabi --prefix=/Users/build/workspace/GCC-5-build_build-toolchain-mac/gcc-arm-none-eabi-5_4-2016q3-20160926/install-native --libexecdir=/Users/build/workspace/GCC-5-build_build-toolchain-mac/gcc-arm-none-eabi-5_4-2016q3-20160926/install-native/lib --infodir=/Users/build/workspace/GCC-5-build_build-toolchain-mac/gcc-arm-none-eabi-5_4-2016q3-20160926/install-native/share/doc/gcc-arm-none-eabi/info --mandir=/Users/build/workspace/GCC-5-build_build-toolchain-mac/gcc-arm-none-eabi-5_4-2016q3-20160926/install-native/share/doc/gcc-arm-none-eabi/man --htmldir=/Users/build/workspace/GCC-5-build_build-toolchain-mac/gcc-arm-none-eabi-5_4-2016q3-20160926/install-native/share/doc/gcc-arm-none-eabi/html --pdfdir=/Users/build/workspace/GCC-5-build_build-toolchain-mac/gcc-arm-none-eabi-5_4-2016q3-20160926/install-native/share/doc/gcc-arm-none-eabi/pdf --enable-languages=c,c++ --enable-plugins --disable-decimal-float --disable-libffi --disable-libgomp --disable-libmudflap --disable-libquadmath --disable-libssp --disable-libstdcxx-pch --disable-nls --disable-shared --disable-threads --disable-tls --with-gnu-as --with-gnu-ld --with-newlib --with-headers=yes --with-python-dir=share/gcc-arm-none-eabi --with-sysroot=/Users/build/workspace/GCC-5-build_build-toolchain-mac/gcc-arm-none-eabi-5_4-2016q3-20160926/install-native/arm-none-eabi --build=x86_64-apple-darwin10 --host=x86_64-apple-darwin10 --with-gmp=/Users/build/workspace/GCC-5-build_build-toolchain-mac/gcc-arm-none-eabi-5_4-2016q3-20160926/build-native/host-libs/usr --with-mpfr=/Users/build/workspace/GCC-5-build_build-toolchain-mac/gcc-arm-none-eabi-5_4-2016q3-20160926/build-native/host-libs/usr --with-mpc=/Users/build/workspace/GCC-5-build_build-toolchain-mac/gcc-arm-none-eabi-5_4-2016q3-20160926/build-native/host-libs/usr --with-isl=/Users/build/workspace/GCC-5-build_build-toolchain-mac/gcc-arm-none-eabi-5_4-2016q3-20160926/build-native/host-libs/usr --with-cloog=/Users/build/workspace/GCC-5-build_build-toolchain-mac/gcc-arm-none-eabi-5_4-2016q3-20160926/build-native/host-libs/usr --with-libelf=/Users/build/workspace/GCC-5-build_build-toolchain-mac/gcc-arm-none-eabi-5_4-2016q3-20160926/build-native/host-libs/usr --with-host-libstdcxx='-static-libgcc -Wl,-lstdc++ -lm' --with-pkgversion='GNU Tools for ARM Embedded Processors' --with-multilib-list=armv6-m,armv7-m,armv7e-m,armv7-r,armv8-m.base,armv8-m.main]
  ignore line: [Thread model: single]
  ignore line: [gcc version 5.4.1 20160919 (release) [ARM/embedded-5-branch revision 240496] (GNU Tools for ARM Embedded Processors) ]
  ignore line: [COMPILER_PATH=/Users/dingyang/tools/gcc-arm-none-eabi/bin/../lib/gcc/arm-none-eabi/5.4.1/:/Users/dingyang/tools/gcc-arm-none-eabi/bin/../lib/gcc/:/Users/dingyang/tools/gcc-arm-none-eabi/bin/../lib/gcc/arm-none-eabi/5.4.1/../../../../arm-none-eabi/bin/]
  ignore line: [LIBRARY_PATH=/Users/dingyang/tools/gcc-arm-none-eabi/bin/../lib/gcc/arm-none-eabi/5.4.1/armv7e-m/:/Users/dingyang/tools/gcc-arm-none-eabi/bin/../lib/gcc/arm-none-eabi/5.4.1/../../../../arm-none-eabi/lib/armv7e-m/:/Users/dingyang/tools/gcc-arm-none-eabi/bin/../arm-none-eabi/lib/armv7e-m/:/Users/dingyang/tools/gcc-arm-none-eabi/bin/../lib/gcc/arm-none-eabi/5.4.1/:/Users/dingyang/tools/gcc-arm-none-eabi/bin/../lib/gcc/:/Users/dingyang/tools/gcc-arm-none-eabi/bin/../lib/gcc/arm-none-eabi/5.4.1/../../../../arm-none-eabi/lib/:/Users/dingyang/tools/gcc-arm-none-eabi/bin/../arm-none-eabi/lib/]
  ignore line: [COLLECT_GCC_OPTIONS='-mcpu=cortex-m4' '-mthumb' '-mthumb-interwork' '-ffunction-sections' '-fdata-sections' '-g' '-fno-common' '-fmessage-length=0' '-specs=nosys.specs' '-specs=nano.specs' '-std=gnu99' '-T' '/Users/dingyang/Public/GitHub/micromouse_projs/mms_test/STM32F446RETx_FLASH.ld' '-v' '-o' 'cmTC_352b8']
  link line: [ /Users/dingyang/tools/gcc-arm-none-eabi/bin/../lib/gcc/arm-none-eabi/5.4.1/collect2 -plugin /Users/dingyang/tools/gcc-arm-none-eabi/bin/../lib/gcc/arm-none-eabi/5.4.1/liblto_plugin.so -plugin-opt=/Users/dingyang/tools/gcc-arm-none-eabi/bin/../lib/gcc/arm-none-eabi/5.4.1/lto-wrapper -plugin-opt=-fresolution=/var/folders/ph/_2gygkx16xb7ln5ytvr0mwkm0000gn/T//ccLpYgRC.res -plugin-opt=-pass-through=-lgcc -plugin-opt=-pass-through=-lg_nano -plugin-opt=-pass-through=-lc_nano -plugin-opt=-pass-through=-lgcc -plugin-opt=-pass-through=-lc_nano -plugin-opt=-pass-through=-lnosys -plugin-opt=-pass-through=-lgcc -plugin-opt=-pass-through=-lc_nano -plugin-opt=-pass-through=-lnosys --sysroot=/Users/dingyang/tools/gcc-arm-none-eabi/bin/../arm-none-eabi -X -o cmTC_352b8 /Users/dingyang/tools/gcc-arm-none-eabi/bin/../lib/gcc/arm-none-eabi/5.4.1/armv7e-m/crti.o /Users/dingyang/tools/gcc-arm-none-eabi/bin/../lib/gcc/arm-none-eabi/5.4.1/armv7e-m/crtbegin.o /Users/dingyang/tools/gcc-arm-none-eabi/bin/../lib/gcc/arm-none-eabi/5.4.1/../../../../arm-none-eabi/lib/armv7e-m/crt0.o -L/Users/dingyang/tools/gcc-arm-none-eabi/bin/../lib/gcc/arm-none-eabi/5.4.1/armv7e-m -L/Users/dingyang/tools/gcc-arm-none-eabi/bin/../lib/gcc/arm-none-eabi/5.4.1/../../../../arm-none-eabi/lib/armv7e-m -L/Users/dingyang/tools/gcc-arm-none-eabi/bin/../arm-none-eabi/lib/armv7e-m -L/Users/dingyang/tools/gcc-arm-none-eabi/bin/../lib/gcc/arm-none-eabi/5.4.1 -L/Users/dingyang/tools/gcc-arm-none-eabi/bin/../lib/gcc -L/Users/dingyang/tools/gcc-arm-none-eabi/bin/../lib/gcc/arm-none-eabi/5.4.1/../../../../arm-none-eabi/lib -L/Users/dingyang/tools/gcc-arm-none-eabi/bin/../arm-none-eabi/lib -gc-sections CMakeFiles/cmTC_352b8.dir/CMakeCCompilerABI.c.obj --start-group -lgcc -lg_nano -lc_nano --end-group --start-group -lgcc -lc_nano -lnosys --end-group --start-group -lgcc -lc_nano -lnosys --end-group /Users/dingyang/tools/gcc-arm-none-eabi/bin/../lib/gcc/arm-none-eabi/5.4.1/armv7e-m/crtend.o /Users/dingyang/tools/gcc-arm-none-eabi/bin/../lib/gcc/arm-none-eabi/5.4.1/armv7e-m/crtn.o -T /Users/dingyang/Public/GitHub/micromouse_projs/mms_test/STM32F446RETx_FLASH.ld]
    arg [/Users/dingyang/tools/gcc-arm-none-eabi/bin/../lib/gcc/arm-none-eabi/5.4.1/collect2] ==> ignore
    arg [-plugin] ==> ignore
    arg [/Users/dingyang/tools/gcc-arm-none-eabi/bin/../lib/gcc/arm-none-eabi/5.4.1/liblto_plugin.so] ==> ignore
    arg [-plugin-opt=/Users/dingyang/tools/gcc-arm-none-eabi/bin/../lib/gcc/arm-none-eabi/5.4.1/lto-wrapper] ==> ignore
    arg [-plugin-opt=-fresolution=/var/folders/ph/_2gygkx16xb7ln5ytvr0mwkm0000gn/T//ccLpYgRC.res] ==> ignore
    arg [-plugin-opt=-pass-through=-lgcc] ==> ignore
    arg [-plugin-opt=-pass-through=-lg_nano] ==> ignore
    arg [-plugin-opt=-pass-through=-lc_nano] ==> ignore
    arg [-plugin-opt=-pass-through=-lgcc] ==> ignore
    arg [-plugin-opt=-pass-through=-lc_nano] ==> ignore
    arg [-plugin-opt=-pass-through=-lnosys] ==> ignore
    arg [-plugin-opt=-pass-through=-lgcc] ==> ignore
    arg [-plugin-opt=-pass-through=-lc_nano] ==> ignore
    arg [-plugin-opt=-pass-through=-lnosys] ==> ignore
    arg [--sysroot=/Users/dingyang/tools/gcc-arm-none-eabi/bin/../arm-none-eabi] ==> ignore
    arg [-X] ==> ignore
    arg [-o] ==> ignore
    arg [cmTC_352b8] ==> ignore
    arg [/Users/dingyang/tools/gcc-arm-none-eabi/bin/../lib/gcc/arm-none-eabi/5.4.1/armv7e-m/crti.o] ==> ignore
    arg [/Users/dingyang/tools/gcc-arm-none-eabi/bin/../lib/gcc/arm-none-eabi/5.4.1/armv7e-m/crtbegin.o] ==> ignore
    arg [/Users/dingyang/tools/gcc-arm-none-eabi/bin/../lib/gcc/arm-none-eabi/5.4.1/../../../../arm-none-eabi/lib/armv7e-m/crt0.o] ==> ignore
    arg [-L/Users/dingyang/tools/gcc-arm-none-eabi/bin/../lib/gcc/arm-none-eabi/5.4.1/armv7e-m] ==> dir [/Users/dingyang/tools/gcc-arm-none-eabi/bin/../lib/gcc/arm-none-eabi/5.4.1/armv7e-m]
    arg [-L/Users/dingyang/tools/gcc-arm-none-eabi/bin/../lib/gcc/arm-none-eabi/5.4.1/../../../../arm-none-eabi/lib/armv7e-m] ==> dir [/Users/dingyang/tools/gcc-arm-none-eabi/bin/../lib/gcc/arm-none-eabi/5.4.1/../../../../arm-none-eabi/lib/armv7e-m]
    arg [-L/Users/dingyang/tools/gcc-arm-none-eabi/bin/../arm-none-eabi/lib/armv7e-m] ==> dir [/Users/dingyang/tools/gcc-arm-none-eabi/bin/../arm-none-eabi/lib/armv7e-m]
    arg [-L/Users/dingyang/tools/gcc-arm-none-eabi/bin/../lib/gcc/arm-none-eabi/5.4.1] ==> dir [/Users/dingyang/tools/gcc-arm-none-eabi/bin/../lib/gcc/arm-none-eabi/5.4.1]
    arg [-L/Users/dingyang/tools/gcc-arm-none-eabi/bin/../lib/gcc] ==> dir [/Users/dingyang/tools/gcc-arm-none-eabi/bin/../lib/gcc]
    arg [-L/Users/dingyang/tools/gcc-arm-none-eabi/bin/../lib/gcc/arm-none-eabi/5.4.1/../../../../arm-none-eabi/lib] ==> dir [/Users/dingyang/tools/gcc-arm-none-eabi/bin/../lib/gcc/arm-none-eabi/5.4.1/../../../../arm-none-eabi/lib]
    arg [-L/Users/dingyang/tools/gcc-arm-none-eabi/bin/../arm-none-eabi/lib] ==> dir [/Users/dingyang/tools/gcc-arm-none-eabi/bin/../arm-none-eabi/lib]
    arg [-gc-sections] ==> ignore
    arg [CMakeFiles/cmTC_352b8.dir/CMakeCCompilerABI.c.obj] ==> ignore
    arg [--start-group] ==> ignore
    arg [-lgcc] ==> lib [gcc]
    arg [-lg_nano] ==> lib [g_nano]
    arg [-lc_nano] ==> lib [c_nano]
    arg [--end-group] ==> ignore
    arg [--start-group] ==> ignore
    arg [-lgcc] ==> lib [gcc]
    arg [-lc_nano] ==> lib [c_nano]
    arg [-lnosys] ==> lib [nosys]
    arg [--end-group] ==> ignore
    arg [--start-group] ==> ignore
    arg [-lgcc] ==> lib [gcc]
    arg [-lc_nano] ==> lib [c_nano]
    arg [-lnosys] ==> lib [nosys]
    arg [--end-group] ==> ignore
    arg [/Users/dingyang/tools/gcc-arm-none-eabi/bin/../lib/gcc/arm-none-eabi/5.4.1/armv7e-m/crtend.o] ==> ignore
    arg [/Users/dingyang/tools/gcc-arm-none-eabi/bin/../lib/gcc/arm-none-eabi/5.4.1/armv7e-m/crtn.o] ==> ignore
    arg [-T] ==> ignore
    arg [/Users/dingyang/Public/GitHub/micromouse_projs/mms_test/STM32F446RETx_FLASH.ld] ==> ignore
  collapse library dir [/Users/dingyang/tools/gcc-arm-none-eabi/bin/../lib/gcc/arm-none-eabi/5.4.1/armv7e-m] ==> [/Users/dingyang/tools/gcc-arm-none-eabi/lib/gcc/arm-none-eabi/5.4.1/armv7e-m]
  collapse library dir [/Users/dingyang/tools/gcc-arm-none-eabi/bin/../lib/gcc/arm-none-eabi/5.4.1/../../../../arm-none-eabi/lib/armv7e-m] ==> [/Users/dingyang/tools/gcc-arm-none-eabi/arm-none-eabi/lib/armv7e-m]
  collapse library dir [/Users/dingyang/tools/gcc-arm-none-eabi/bin/../arm-none-eabi/lib/armv7e-m] ==> [/Users/dingyang/tools/gcc-arm-none-eabi/arm-none-eabi/lib/armv7e-m]
  collapse library dir [/Users/dingyang/tools/gcc-arm-none-eabi/bin/../lib/gcc/arm-none-eabi/5.4.1] ==> [/Users/dingyang/tools/gcc-arm-none-eabi/lib/gcc/arm-none-eabi/5.4.1]
  collapse library dir [/Users/dingyang/tools/gcc-arm-none-eabi/bin/../lib/gcc] ==> [/Users/dingyang/tools/gcc-arm-none-eabi/lib/gcc]
  collapse library dir [/Users/dingyang/tools/gcc-arm-none-eabi/bin/../lib/gcc/arm-none-eabi/5.4.1/../../../../arm-none-eabi/lib] ==> [/Users/dingyang/tools/gcc-arm-none-eabi/arm-none-eabi/lib]
  collapse library dir [/Users/dingyang/tools/gcc-arm-none-eabi/bin/../arm-none-eabi/lib] ==> [/Users/dingyang/tools/gcc-arm-none-eabi/arm-none-eabi/lib]
  implicit libs: [gcc;g_nano;c_nano;gcc;c_nano;nosys;gcc;c_nano;nosys]
  implicit dirs: [/Users/dingyang/tools/gcc-arm-none-eabi/lib/gcc/arm-none-eabi/5.4.1/armv7e-m;/Users/dingyang/tools/gcc-arm-none-eabi/arm-none-eabi/lib/armv7e-m;/Users/dingyang/tools/gcc-arm-none-eabi/lib/gcc/arm-none-eabi/5.4.1;/Users/dingyang/tools/gcc-arm-none-eabi/lib/gcc;/Users/dingyang/tools/gcc-arm-none-eabi/arm-none-eabi/lib]
  implicit fwks: []




Detecting C [-std=c11] compiler features compiled with the following output:
Change Dir: /Users/dingyang/Public/GitHub/micromouse_projs/mms_test/build/CMakeFiles/CMakeTmp

Run Build Command:"/usr/bin/make" "cmTC_e5335/fast"
/Library/Developer/CommandLineTools/usr/bin/make -f CMakeFiles/cmTC_e5335.dir/build.make CMakeFiles/cmTC_e5335.dir/build
Building C object CMakeFiles/cmTC_e5335.dir/feature_tests.c.obj
/Users/dingyang/tools/gcc-arm-none-eabi/bin/arm-none-eabi-gcc   -mcpu=cortex-m4  -mthumb -mthumb-interwork -ffunction-sections -fdata-sections -g -fno-common -fmessage-length=0 -specs=nosys.specs -specs=nano.specs -std=gnu99    -std=c11 -o CMakeFiles/cmTC_e5335.dir/feature_tests.c.obj   -c /Users/dingyang/Public/GitHub/micromouse_projs/mms_test/build/CMakeFiles/feature_tests.c
Linking C executable cmTC_e5335
/usr/local/Cellar/cmake/3.12.1/bin/cmake -E cmake_link_script CMakeFiles/cmTC_e5335.dir/link.txt --verbose=1
/Users/dingyang/tools/gcc-arm-none-eabi/bin/arm-none-eabi-gcc -mcpu=cortex-m4  -mthumb -mthumb-interwork -ffunction-sections -fdata-sections -g -fno-common -fmessage-length=0 -specs=nosys.specs -specs=nano.specs -std=gnu99   -Wl,-gc-sections -T /Users/dingyang/Public/GitHub/micromouse_projs/mms_test/STM32F446RETx_FLASH.ld  CMakeFiles/cmTC_e5335.dir/feature_tests.c.obj  -o cmTC_e5335 
/Users/dingyang/tools/gcc-arm-none-eabi/bin/../lib/gcc/arm-none-eabi/5.4.1/../../../../arm-none-eabi/bin/ld: warning: cannot find entry symbol Reset_Handler; defaulting to 0000000008008000




Detecting C [-std=c99] compiler features compiled with the following output:
Change Dir: /Users/dingyang/Public/GitHub/micromouse_projs/mms_test/build/CMakeFiles/CMakeTmp

Run Build Command:"/usr/bin/make" "cmTC_7633f/fast"
/Library/Developer/CommandLineTools/usr/bin/make -f CMakeFiles/cmTC_7633f.dir/build.make CMakeFiles/cmTC_7633f.dir/build
Building C object CMakeFiles/cmTC_7633f.dir/feature_tests.c.obj
/Users/dingyang/tools/gcc-arm-none-eabi/bin/arm-none-eabi-gcc   -mcpu=cortex-m4  -mthumb -mthumb-interwork -ffunction-sections -fdata-sections -g -fno-common -fmessage-length=0 -specs=nosys.specs -specs=nano.specs -std=gnu99    -std=c99 -o CMakeFiles/cmTC_7633f.dir/feature_tests.c.obj   -c /Users/dingyang/Public/GitHub/micromouse_projs/mms_test/build/CMakeFiles/feature_tests.c
Linking C executable cmTC_7633f
/usr/local/Cellar/cmake/3.12.1/bin/cmake -E cmake_link_script CMakeFiles/cmTC_7633f.dir/link.txt --verbose=1
/Users/dingyang/tools/gcc-arm-none-eabi/bin/arm-none-eabi-gcc -mcpu=cortex-m4  -mthumb -mthumb-interwork -ffunction-sections -fdata-sections -g -fno-common -fmessage-length=0 -specs=nosys.specs -specs=nano.specs -std=gnu99   -Wl,-gc-sections -T /Users/dingyang/Public/GitHub/micromouse_projs/mms_test/STM32F446RETx_FLASH.ld  CMakeFiles/cmTC_7633f.dir/feature_tests.c.obj  -o cmTC_7633f 
/Users/dingyang/tools/gcc-arm-none-eabi/bin/../lib/gcc/arm-none-eabi/5.4.1/../../../../arm-none-eabi/bin/ld: warning: cannot find entry symbol Reset_Handler; defaulting to 0000000008008000




Detecting C [-std=c90] compiler features compiled with the following output:
Change Dir: /Users/dingyang/Public/GitHub/micromouse_projs/mms_test/build/CMakeFiles/CMakeTmp

Run Build Command:"/usr/bin/make" "cmTC_29be6/fast"
/Library/Developer/CommandLineTools/usr/bin/make -f CMakeFiles/cmTC_29be6.dir/build.make CMakeFiles/cmTC_29be6.dir/build
Building C object CMakeFiles/cmTC_29be6.dir/feature_tests.c.obj
/Users/dingyang/tools/gcc-arm-none-eabi/bin/arm-none-eabi-gcc   -mcpu=cortex-m4  -mthumb -mthumb-interwork -ffunction-sections -fdata-sections -g -fno-common -fmessage-length=0 -specs=nosys.specs -specs=nano.specs -std=gnu99    -std=c90 -o CMakeFiles/cmTC_29be6.dir/feature_tests.c.obj   -c /Users/dingyang/Public/GitHub/micromouse_projs/mms_test/build/CMakeFiles/feature_tests.c
Linking C executable cmTC_29be6
/usr/local/Cellar/cmake/3.12.1/bin/cmake -E cmake_link_script CMakeFiles/cmTC_29be6.dir/link.txt --verbose=1
/Users/dingyang/tools/gcc-arm-none-eabi/bin/arm-none-eabi-gcc -mcpu=cortex-m4  -mthumb -mthumb-interwork -ffunction-sections -fdata-sections -g -fno-common -fmessage-length=0 -specs=nosys.specs -specs=nano.specs -std=gnu99   -Wl,-gc-sections -T /Users/dingyang/Public/GitHub/micromouse_projs/mms_test/STM32F446RETx_FLASH.ld  CMakeFiles/cmTC_29be6.dir/feature_tests.c.obj  -o cmTC_29be6 
/Users/dingyang/tools/gcc-arm-none-eabi/bin/../lib/gcc/arm-none-eabi/5.4.1/../../../../arm-none-eabi/bin/ld: warning: cannot find entry symbol Reset_Handler; defaulting to 0000000008008000


Determining if the CXX compiler works passed with the following output:
Change Dir: /Users/dingyang/Public/GitHub/micromouse_projs/mms_test/build/CMakeFiles/CMakeTmp

Run Build Command:"/usr/bin/make" "cmTC_e0e72/fast"
/Library/Developer/CommandLineTools/usr/bin/make -f CMakeFiles/cmTC_e0e72.dir/build.make CMakeFiles/cmTC_e0e72.dir/build
Building CXX object CMakeFiles/cmTC_e0e72.dir/testCXXCompiler.cxx.obj
/Users/dingyang/tools/gcc-arm-none-eabi/bin/arm-none-eabi-g++    -mcpu=cortex-m4  -mthumb -mthumb-interwork -ffunction-sections -fdata-sections -g -fno-common -fmessage-length=0 -specs=nosys.specs -specs=nano.specs -std=c++11    -o CMakeFiles/cmTC_e0e72.dir/testCXXCompiler.cxx.obj -c /Users/dingyang/Public/GitHub/micromouse_projs/mms_test/build/CMakeFiles/CMakeTmp/testCXXCompiler.cxx
Linking CXX executable cmTC_e0e72
/usr/local/Cellar/cmake/3.12.1/bin/cmake -E cmake_link_script CMakeFiles/cmTC_e0e72.dir/link.txt --verbose=1
/Users/dingyang/tools/gcc-arm-none-eabi/bin/arm-none-eabi-g++  -mcpu=cortex-m4  -mthumb -mthumb-interwork -ffunction-sections -fdata-sections -g -fno-common -fmessage-length=0 -specs=nosys.specs -specs=nano.specs -std=c++11   -Wl,-gc-sections -T /Users/dingyang/Public/GitHub/micromouse_projs/mms_test/STM32F446RETx_FLASH.ld  CMakeFiles/cmTC_e0e72.dir/testCXXCompiler.cxx.obj  -o cmTC_e0e72 
/Users/dingyang/tools/gcc-arm-none-eabi/bin/../lib/gcc/arm-none-eabi/5.4.1/../../../../arm-none-eabi/bin/ld: warning: cannot find entry symbol Reset_Handler; defaulting to 0000000008008000


Detecting CXX compiler ABI info compiled with the following output:
Change Dir: /Users/dingyang/Public/GitHub/micromouse_projs/mms_test/build/CMakeFiles/CMakeTmp

Run Build Command:"/usr/bin/make" "cmTC_25beb/fast"
/Library/Developer/CommandLineTools/usr/bin/make -f CMakeFiles/cmTC_25beb.dir/build.make CMakeFiles/cmTC_25beb.dir/build
Building CXX object CMakeFiles/cmTC_25beb.dir/CMakeCXXCompilerABI.cpp.obj
/Users/dingyang/tools/gcc-arm-none-eabi/bin/arm-none-eabi-g++    -mcpu=cortex-m4  -mthumb -mthumb-interwork -ffunction-sections -fdata-sections -g -fno-common -fmessage-length=0 -specs=nosys.specs -specs=nano.specs -std=c++11    -o CMakeFiles/cmTC_25beb.dir/CMakeCXXCompilerABI.cpp.obj -c /usr/local/Cellar/cmake/3.12.1/share/cmake/Modules/CMakeCXXCompilerABI.cpp
Linking CXX executable cmTC_25beb
/usr/local/Cellar/cmake/3.12.1/bin/cmake -E cmake_link_script CMakeFiles/cmTC_25beb.dir/link.txt --verbose=1
/Users/dingyang/tools/gcc-arm-none-eabi/bin/arm-none-eabi-g++  -mcpu=cortex-m4  -mthumb -mthumb-interwork -ffunction-sections -fdata-sections -g -fno-common -fmessage-length=0 -specs=nosys.specs -specs=nano.specs -std=c++11   -Wl,-gc-sections -T /Users/dingyang/Public/GitHub/micromouse_projs/mms_test/STM32F446RETx_FLASH.ld -v CMakeFiles/cmTC_25beb.dir/CMakeCXXCompilerABI.cpp.obj  -o cmTC_25beb 
Using built-in specs.
Reading specs from /Users/dingyang/tools/gcc-arm-none-eabi/bin/../lib/gcc/arm-none-eabi/5.4.1/../../../../arm-none-eabi/lib/nosys.specs
rename spec link_gcc_c_sequence to nosys_link_gcc_c_sequence
Reading specs from /Users/dingyang/tools/gcc-arm-none-eabi/bin/../lib/gcc/arm-none-eabi/5.4.1/../../../../arm-none-eabi/lib/nano.specs
rename spec link to nano_link
rename spec link_gcc_c_sequence to nano_link_gcc_c_sequence
rename spec cpp to nano_cpp
COLLECT_GCC=/Users/dingyang/tools/gcc-arm-none-eabi/bin/arm-none-eabi-g++
COLLECT_LTO_WRAPPER=/Users/dingyang/tools/gcc-arm-none-eabi/bin/../lib/gcc/arm-none-eabi/5.4.1/lto-wrapper
Target: arm-none-eabi
Configured with: /Users/build/workspace/GCC-5-build_build-toolchain-mac/gcc-arm-none-eabi-5_4-2016q3-20160926/src/gcc/configure --target=arm-none-eabi --prefix=/Users/build/workspace/GCC-5-build_build-toolchain-mac/gcc-arm-none-eabi-5_4-2016q3-20160926/install-native --libexecdir=/Users/build/workspace/GCC-5-build_build-toolchain-mac/gcc-arm-none-eabi-5_4-2016q3-20160926/install-native/lib --infodir=/Users/build/workspace/GCC-5-build_build-toolchain-mac/gcc-arm-none-eabi-5_4-2016q3-20160926/install-native/share/doc/gcc-arm-none-eabi/info --mandir=/Users/build/workspace/GCC-5-build_build-toolchain-mac/gcc-arm-none-eabi-5_4-2016q3-20160926/install-native/share/doc/gcc-arm-none-eabi/man --htmldir=/Users/build/workspace/GCC-5-build_build-toolchain-mac/gcc-arm-none-eabi-5_4-2016q3-20160926/install-native/share/doc/gcc-arm-none-eabi/html --pdfdir=/Users/build/workspace/GCC-5-build_build-toolchain-mac/gcc-arm-none-eabi-5_4-2016q3-20160926/install-native/share/doc/gcc-arm-none-eabi/pdf --enable-languages=c,c++ --enable-plugins --disable-decimal-float --disable-libffi --disable-libgomp --disable-libmudflap --disable-libquadmath --disable-libssp --disable-libstdcxx-pch --disable-nls --disable-shared --disable-threads --disable-tls --with-gnu-as --with-gnu-ld --with-newlib --with-headers=yes --with-python-dir=share/gcc-arm-none-eabi --with-sysroot=/Users/build/workspace/GCC-5-build_build-toolchain-mac/gcc-arm-none-eabi-5_4-2016q3-20160926/install-native/arm-none-eabi --build=x86_64-apple-darwin10 --host=x86_64-apple-darwin10 --with-gmp=/Users/build/workspace/GCC-5-build_build-toolchain-mac/gcc-arm-none-eabi-5_4-2016q3-20160926/build-native/host-libs/usr --with-mpfr=/Users/build/workspace/GCC-5-build_build-toolchain-mac/gcc-arm-none-eabi-5_4-2016q3-20160926/build-native/host-libs/usr --with-mpc=/Users/build/workspace/GCC-5-build_build-toolchain-mac/gcc-arm-none-eabi-5_4-2016q3-20160926/build-native/host-libs/usr --with-isl=/Users/build/workspace/GCC-5-build_build-toolchain-mac/gcc-arm-none-eabi-5_4-2016q3-20160926/build-native/host-libs/usr --with-cloog=/Users/build/workspace/GCC-5-build_build-toolchain-mac/gcc-arm-none-eabi-5_4-2016q3-20160926/build-native/host-libs/usr --with-libelf=/Users/build/workspace/GCC-5-build_build-toolchain-mac/gcc-arm-none-eabi-5_4-2016q3-20160926/build-native/host-libs/usr --with-host-libstdcxx='-static-libgcc -Wl,-lstdc++ -lm' --with-pkgversion='GNU Tools for ARM Embedded Processors' --with-multilib-list=armv6-m,armv7-m,armv7e-m,armv7-r,armv8-m.base,armv8-m.main
Thread model: single
gcc version 5.4.1 20160919 (release) [ARM/embedded-5-branch revision 240496] (GNU Tools for ARM Embedded Processors) 
COMPILER_PATH=/Users/dingyang/tools/gcc-arm-none-eabi/bin/../lib/gcc/arm-none-eabi/5.4.1/:/Users/dingyang/tools/gcc-arm-none-eabi/bin/../lib/gcc/:/Users/dingyang/tools/gcc-arm-none-eabi/bin/../lib/gcc/arm-none-eabi/5.4.1/../../../../arm-none-eabi/bin/
LIBRARY_PATH=/Users/dingyang/tools/gcc-arm-none-eabi/bin/../lib/gcc/arm-none-eabi/5.4.1/armv7e-m/:/Users/dingyang/tools/gcc-arm-none-eabi/bin/../lib/gcc/arm-none-eabi/5.4.1/../../../../arm-none-eabi/lib/armv7e-m/:/Users/dingyang/tools/gcc-arm-none-eabi/bin/../arm-none-eabi/lib/armv7e-m/:/Users/dingyang/tools/gcc-arm-none-eabi/bin/../lib/gcc/arm-none-eabi/5.4.1/:/Users/dingyang/tools/gcc-arm-none-eabi/bin/../lib/gcc/:/Users/dingyang/tools/gcc-arm-none-eabi/bin/../lib/gcc/arm-none-eabi/5.4.1/../../../../arm-none-eabi/lib/:/Users/dingyang/tools/gcc-arm-none-eabi/bin/../arm-none-eabi/lib/
COLLECT_GCC_OPTIONS='-mcpu=cortex-m4' '-mthumb' '-mthumb-interwork' '-ffunction-sections' '-fdata-sections' '-g' '-fno-common' '-fmessage-length=0' '-specs=nosys.specs' '-specs=nano.specs' '-std=c++11' '-T' '/Users/dingyang/Public/GitHub/micromouse_projs/mms_test/STM32F446RETx_FLASH.ld' '-v' '-o' 'cmTC_25beb'
 /Users/dingyang/tools/gcc-arm-none-eabi/bin/../lib/gcc/arm-none-eabi/5.4.1/collect2 -plugin /Users/dingyang/tools/gcc-arm-none-eabi/bin/../lib/gcc/arm-none-eabi/5.4.1/liblto_plugin.so -plugin-opt=/Users/dingyang/tools/gcc-arm-none-eabi/bin/../lib/gcc/arm-none-eabi/5.4.1/lto-wrapper -plugin-opt=-fresolution=/var/folders/ph/_2gygkx16xb7ln5ytvr0mwkm0000gn/T//cctc9wAF.res -plugin-opt=-pass-through=-lgcc -plugin-opt=-pass-through=-lg_nano -plugin-opt=-pass-through=-lc_nano -plugin-opt=-pass-through=-lgcc -plugin-opt=-pass-through=-lc_nano -plugin-opt=-pass-through=-lnosys -plugin-opt=-pass-through=-lgcc -plugin-opt=-pass-through=-lc_nano -plugin-opt=-pass-through=-lnosys --sysroot=/Users/dingyang/tools/gcc-arm-none-eabi/bin/../arm-none-eabi -X -o cmTC_25beb /Users/dingyang/tools/gcc-arm-none-eabi/bin/../lib/gcc/arm-none-eabi/5.4.1/armv7e-m/crti.o /Users/dingyang/tools/gcc-arm-none-eabi/bin/../lib/gcc/arm-none-eabi/5.4.1/armv7e-m/crtbegin.o /Users/dingyang/tools/gcc-arm-none-eabi/bin/../lib/gcc/arm-none-eabi/5.4.1/../../../../arm-none-eabi/lib/armv7e-m/crt0.o -L/Users/dingyang/tools/gcc-arm-none-eabi/bin/../lib/gcc/arm-none-eabi/5.4.1/armv7e-m -L/Users/dingyang/tools/gcc-arm-none-eabi/bin/../lib/gcc/arm-none-eabi/5.4.1/../../../../arm-none-eabi/lib/armv7e-m -L/Users/dingyang/tools/gcc-arm-none-eabi/bin/../arm-none-eabi/lib/armv7e-m -L/Users/dingyang/tools/gcc-arm-none-eabi/bin/../lib/gcc/arm-none-eabi/5.4.1 -L/Users/dingyang/tools/gcc-arm-none-eabi/bin/../lib/gcc -L/Users/dingyang/tools/gcc-arm-none-eabi/bin/../lib/gcc/arm-none-eabi/5.4.1/../../../../arm-none-eabi/lib -L/Users/dingyang/tools/gcc-arm-none-eabi/bin/../arm-none-eabi/lib -gc-sections CMakeFiles/cmTC_25beb.dir/CMakeCXXCompilerABI.cpp.obj -lstdc++_nano -lm --start-group -lgcc -lg_nano -lc_nano --end-group --start-group -lgcc -lc_nano -lnosys --end-group --start-group -lgcc -lc_nano -lnosys --end-group /Users/dingyang/tools/gcc-arm-none-eabi/bin/../lib/gcc/arm-none-eabi/5.4.1/armv7e-m/crtend.o /Users/dingyang/tools/gcc-arm-none-eabi/bin/../lib/gcc/arm-none-eabi/5.4.1/armv7e-m/crtn.o -T /Users/dingyang/Public/GitHub/micromouse_projs/mms_test/STM32F446RETx_FLASH.ld
/Users/dingyang/tools/gcc-arm-none-eabi/bin/../lib/gcc/arm-none-eabi/5.4.1/../../../../arm-none-eabi/bin/ld: warning: cannot find entry symbol Reset_Handler; defaulting to 0000000008008000


Parsed CXX implicit link information from above output:
  link line regex: [^( *|.*[/\])(arm-none-eabi-ld|CMAKE_LINK_STARTFILE-NOTFOUND|([^/\]+-)?ld|collect2)[^/\]*( |$)]
  ignore line: [Change Dir: /Users/dingyang/Public/GitHub/micromouse_projs/mms_test/build/CMakeFiles/CMakeTmp]
  ignore line: []
  ignore line: [Run Build Command:"/usr/bin/make" "cmTC_25beb/fast"]
  ignore line: [/Library/Developer/CommandLineTools/usr/bin/make -f CMakeFiles/cmTC_25beb.dir/build.make CMakeFiles/cmTC_25beb.dir/build]
  ignore line: [Building CXX object CMakeFiles/cmTC_25beb.dir/CMakeCXXCompilerABI.cpp.obj]
  ignore line: [/Users/dingyang/tools/gcc-arm-none-eabi/bin/arm-none-eabi-g++    -mcpu=cortex-m4  -mthumb -mthumb-interwork -ffunction-sections -fdata-sections -g -fno-common -fmessage-length=0 -specs=nosys.specs -specs=nano.specs -std=c++11    -o CMakeFiles/cmTC_25beb.dir/CMakeCXXCompilerABI.cpp.obj -c /usr/local/Cellar/cmake/3.12.1/share/cmake/Modules/CMakeCXXCompilerABI.cpp]
  ignore line: [Linking CXX executable cmTC_25beb]
  ignore line: [/usr/local/Cellar/cmake/3.12.1/bin/cmake -E cmake_link_script CMakeFiles/cmTC_25beb.dir/link.txt --verbose=1]
  ignore line: [/Users/dingyang/tools/gcc-arm-none-eabi/bin/arm-none-eabi-g++  -mcpu=cortex-m4  -mthumb -mthumb-interwork -ffunction-sections -fdata-sections -g -fno-common -fmessage-length=0 -specs=nosys.specs -specs=nano.specs -std=c++11   -Wl,-gc-sections -T /Users/dingyang/Public/GitHub/micromouse_projs/mms_test/STM32F446RETx_FLASH.ld -v CMakeFiles/cmTC_25beb.dir/CMakeCXXCompilerABI.cpp.obj  -o cmTC_25beb ]
  ignore line: [Using built-in specs.]
  ignore line: [Reading specs from /Users/dingyang/tools/gcc-arm-none-eabi/bin/../lib/gcc/arm-none-eabi/5.4.1/../../../../arm-none-eabi/lib/nosys.specs]
  ignore line: [rename spec link_gcc_c_sequence to nosys_link_gcc_c_sequence]
  ignore line: [Reading specs from /Users/dingyang/tools/gcc-arm-none-eabi/bin/../lib/gcc/arm-none-eabi/5.4.1/../../../../arm-none-eabi/lib/nano.specs]
  ignore line: [rename spec link to nano_link]
  ignore line: [rename spec link_gcc_c_sequence to nano_link_gcc_c_sequence]
  ignore line: [rename spec cpp to nano_cpp]
  ignore line: [COLLECT_GCC=/Users/dingyang/tools/gcc-arm-none-eabi/bin/arm-none-eabi-g++]
  ignore line: [COLLECT_LTO_WRAPPER=/Users/dingyang/tools/gcc-arm-none-eabi/bin/../lib/gcc/arm-none-eabi/5.4.1/lto-wrapper]
  ignore line: [Target: arm-none-eabi]
  ignore line: [Configured with: /Users/build/workspace/GCC-5-build_build-toolchain-mac/gcc-arm-none-eabi-5_4-2016q3-20160926/src/gcc/configure --target=arm-none-eabi --prefix=/Users/build/workspace/GCC-5-build_build-toolchain-mac/gcc-arm-none-eabi-5_4-2016q3-20160926/install-native --libexecdir=/Users/build/workspace/GCC-5-build_build-toolchain-mac/gcc-arm-none-eabi-5_4-2016q3-20160926/install-native/lib --infodir=/Users/build/workspace/GCC-5-build_build-toolchain-mac/gcc-arm-none-eabi-5_4-2016q3-20160926/install-native/share/doc/gcc-arm-none-eabi/info --mandir=/Users/build/workspace/GCC-5-build_build-toolchain-mac/gcc-arm-none-eabi-5_4-2016q3-20160926/install-native/share/doc/gcc-arm-none-eabi/man --htmldir=/Users/build/workspace/GCC-5-build_build-toolchain-mac/gcc-arm-none-eabi-5_4-2016q3-20160926/install-native/share/doc/gcc-arm-none-eabi/html --pdfdir=/Users/build/workspace/GCC-5-build_build-toolchain-mac/gcc-arm-none-eabi-5_4-2016q3-20160926/install-native/share/doc/gcc-arm-none-eabi/pdf --enable-languages=c,c++ --enable-plugins --disable-decimal-float --disable-libffi --disable-libgomp --disable-libmudflap --disable-libquadmath --disable-libssp --disable-libstdcxx-pch --disable-nls --disable-shared --disable-threads --disable-tls --with-gnu-as --with-gnu-ld --with-newlib --with-headers=yes --with-python-dir=share/gcc-arm-none-eabi --with-sysroot=/Users/build/workspace/GCC-5-build_build-toolchain-mac/gcc-arm-none-eabi-5_4-2016q3-20160926/install-native/arm-none-eabi --build=x86_64-apple-darwin10 --host=x86_64-apple-darwin10 --with-gmp=/Users/build/workspace/GCC-5-build_build-toolchain-mac/gcc-arm-none-eabi-5_4-2016q3-20160926/build-native/host-libs/usr --with-mpfr=/Users/build/workspace/GCC-5-build_build-toolchain-mac/gcc-arm-none-eabi-5_4-2016q3-20160926/build-native/host-libs/usr --with-mpc=/Users/build/workspace/GCC-5-build_build-toolchain-mac/gcc-arm-none-eabi-5_4-2016q3-20160926/build-native/host-libs/usr --with-isl=/Users/build/workspace/GCC-5-build_build-toolchain-mac/gcc-arm-none-eabi-5_4-2016q3-20160926/build-native/host-libs/usr --with-cloog=/Users/build/workspace/GCC-5-build_build-toolchain-mac/gcc-arm-none-eabi-5_4-2016q3-20160926/build-native/host-libs/usr --with-libelf=/Users/build/workspace/GCC-5-build_build-toolchain-mac/gcc-arm-none-eabi-5_4-2016q3-20160926/build-native/host-libs/usr --with-host-libstdcxx='-static-libgcc -Wl,-lstdc++ -lm' --with-pkgversion='GNU Tools for ARM Embedded Processors' --with-multilib-list=armv6-m,armv7-m,armv7e-m,armv7-r,armv8-m.base,armv8-m.main]
  ignore line: [Thread model: single]
  ignore line: [gcc version 5.4.1 20160919 (release) [ARM/embedded-5-branch revision 240496] (GNU Tools for ARM Embedded Processors) ]
  ignore line: [COMPILER_PATH=/Users/dingyang/tools/gcc-arm-none-eabi/bin/../lib/gcc/arm-none-eabi/5.4.1/:/Users/dingyang/tools/gcc-arm-none-eabi/bin/../lib/gcc/:/Users/dingyang/tools/gcc-arm-none-eabi/bin/../lib/gcc/arm-none-eabi/5.4.1/../../../../arm-none-eabi/bin/]
  ignore line: [LIBRARY_PATH=/Users/dingyang/tools/gcc-arm-none-eabi/bin/../lib/gcc/arm-none-eabi/5.4.1/armv7e-m/:/Users/dingyang/tools/gcc-arm-none-eabi/bin/../lib/gcc/arm-none-eabi/5.4.1/../../../../arm-none-eabi/lib/armv7e-m/:/Users/dingyang/tools/gcc-arm-none-eabi/bin/../arm-none-eabi/lib/armv7e-m/:/Users/dingyang/tools/gcc-arm-none-eabi/bin/../lib/gcc/arm-none-eabi/5.4.1/:/Users/dingyang/tools/gcc-arm-none-eabi/bin/../lib/gcc/:/Users/dingyang/tools/gcc-arm-none-eabi/bin/../lib/gcc/arm-none-eabi/5.4.1/../../../../arm-none-eabi/lib/:/Users/dingyang/tools/gcc-arm-none-eabi/bin/../arm-none-eabi/lib/]
  ignore line: [COLLECT_GCC_OPTIONS='-mcpu=cortex-m4' '-mthumb' '-mthumb-interwork' '-ffunction-sections' '-fdata-sections' '-g' '-fno-common' '-fmessage-length=0' '-specs=nosys.specs' '-specs=nano.specs' '-std=c++11' '-T' '/Users/dingyang/Public/GitHub/micromouse_projs/mms_test/STM32F446RETx_FLASH.ld' '-v' '-o' 'cmTC_25beb']
  link line: [ /Users/dingyang/tools/gcc-arm-none-eabi/bin/../lib/gcc/arm-none-eabi/5.4.1/collect2 -plugin /Users/dingyang/tools/gcc-arm-none-eabi/bin/../lib/gcc/arm-none-eabi/5.4.1/liblto_plugin.so -plugin-opt=/Users/dingyang/tools/gcc-arm-none-eabi/bin/../lib/gcc/arm-none-eabi/5.4.1/lto-wrapper -plugin-opt=-fresolution=/var/folders/ph/_2gygkx16xb7ln5ytvr0mwkm0000gn/T//cctc9wAF.res -plugin-opt=-pass-through=-lgcc -plugin-opt=-pass-through=-lg_nano -plugin-opt=-pass-through=-lc_nano -plugin-opt=-pass-through=-lgcc -plugin-opt=-pass-through=-lc_nano -plugin-opt=-pass-through=-lnosys -plugin-opt=-pass-through=-lgcc -plugin-opt=-pass-through=-lc_nano -plugin-opt=-pass-through=-lnosys --sysroot=/Users/dingyang/tools/gcc-arm-none-eabi/bin/../arm-none-eabi -X -o cmTC_25beb /Users/dingyang/tools/gcc-arm-none-eabi/bin/../lib/gcc/arm-none-eabi/5.4.1/armv7e-m/crti.o /Users/dingyang/tools/gcc-arm-none-eabi/bin/../lib/gcc/arm-none-eabi/5.4.1/armv7e-m/crtbegin.o /Users/dingyang/tools/gcc-arm-none-eabi/bin/../lib/gcc/arm-none-eabi/5.4.1/../../../../arm-none-eabi/lib/armv7e-m/crt0.o -L/Users/dingyang/tools/gcc-arm-none-eabi/bin/../lib/gcc/arm-none-eabi/5.4.1/armv7e-m -L/Users/dingyang/tools/gcc-arm-none-eabi/bin/../lib/gcc/arm-none-eabi/5.4.1/../../../../arm-none-eabi/lib/armv7e-m -L/Users/dingyang/tools/gcc-arm-none-eabi/bin/../arm-none-eabi/lib/armv7e-m -L/Users/dingyang/tools/gcc-arm-none-eabi/bin/../lib/gcc/arm-none-eabi/5.4.1 -L/Users/dingyang/tools/gcc-arm-none-eabi/bin/../lib/gcc -L/Users/dingyang/tools/gcc-arm-none-eabi/bin/../lib/gcc/arm-none-eabi/5.4.1/../../../../arm-none-eabi/lib -L/Users/dingyang/tools/gcc-arm-none-eabi/bin/../arm-none-eabi/lib -gc-sections CMakeFiles/cmTC_25beb.dir/CMakeCXXCompilerABI.cpp.obj -lstdc++_nano -lm --start-group -lgcc -lg_nano -lc_nano --end-group --start-group -lgcc -lc_nano -lnosys --end-group --start-group -lgcc -lc_nano -lnosys --end-group /Users/dingyang/tools/gcc-arm-none-eabi/bin/../lib/gcc/arm-none-eabi/5.4.1/armv7e-m/crtend.o /Users/dingyang/tools/gcc-arm-none-eabi/bin/../lib/gcc/arm-none-eabi/5.4.1/armv7e-m/crtn.o -T /Users/dingyang/Public/GitHub/micromouse_projs/mms_test/STM32F446RETx_FLASH.ld]
    arg [/Users/dingyang/tools/gcc-arm-none-eabi/bin/../lib/gcc/arm-none-eabi/5.4.1/collect2] ==> ignore
    arg [-plugin] ==> ignore
    arg [/Users/dingyang/tools/gcc-arm-none-eabi/bin/../lib/gcc/arm-none-eabi/5.4.1/liblto_plugin.so] ==> ignore
    arg [-plugin-opt=/Users/dingyang/tools/gcc-arm-none-eabi/bin/../lib/gcc/arm-none-eabi/5.4.1/lto-wrapper] ==> ignore
    arg [-plugin-opt=-fresolution=/var/folders/ph/_2gygkx16xb7ln5ytvr0mwkm0000gn/T//cctc9wAF.res] ==> ignore
    arg [-plugin-opt=-pass-through=-lgcc] ==> ignore
    arg [-plugin-opt=-pass-through=-lg_nano] ==> ignore
    arg [-plugin-opt=-pass-through=-lc_nano] ==> ignore
    arg [-plugin-opt=-pass-through=-lgcc] ==> ignore
    arg [-plugin-opt=-pass-through=-lc_nano] ==> ignore
    arg [-plugin-opt=-pass-through=-lnosys] ==> ignore
    arg [-plugin-opt=-pass-through=-lgcc] ==> ignore
    arg [-plugin-opt=-pass-through=-lc_nano] ==> ignore
    arg [-plugin-opt=-pass-through=-lnosys] ==> ignore
    arg [--sysroot=/Users/dingyang/tools/gcc-arm-none-eabi/bin/../arm-none-eabi] ==> ignore
    arg [-X] ==> ignore
    arg [-o] ==> ignore
    arg [cmTC_25beb] ==> ignore
    arg [/Users/dingyang/tools/gcc-arm-none-eabi/bin/../lib/gcc/arm-none-eabi/5.4.1/armv7e-m/crti.o] ==> ignore
    arg [/Users/dingyang/tools/gcc-arm-none-eabi/bin/../lib/gcc/arm-none-eabi/5.4.1/armv7e-m/crtbegin.o] ==> ignore
    arg [/Users/dingyang/tools/gcc-arm-none-eabi/bin/../lib/gcc/arm-none-eabi/5.4.1/../../../../arm-none-eabi/lib/armv7e-m/crt0.o] ==> ignore
    arg [-L/Users/dingyang/tools/gcc-arm-none-eabi/bin/../lib/gcc/arm-none-eabi/5.4.1/armv7e-m] ==> dir [/Users/dingyang/tools/gcc-arm-none-eabi/bin/../lib/gcc/arm-none-eabi/5.4.1/armv7e-m]
    arg [-L/Users/dingyang/tools/gcc-arm-none-eabi/bin/../lib/gcc/arm-none-eabi/5.4.1/../../../../arm-none-eabi/lib/armv7e-m] ==> dir [/Users/dingyang/tools/gcc-arm-none-eabi/bin/../lib/gcc/arm-none-eabi/5.4.1/../../../../arm-none-eabi/lib/armv7e-m]
    arg [-L/Users/dingyang/tools/gcc-arm-none-eabi/bin/../arm-none-eabi/lib/armv7e-m] ==> dir [/Users/dingyang/tools/gcc-arm-none-eabi/bin/../arm-none-eabi/lib/armv7e-m]
    arg [-L/Users/dingyang/tools/gcc-arm-none-eabi/bin/../lib/gcc/arm-none-eabi/5.4.1] ==> dir [/Users/dingyang/tools/gcc-arm-none-eabi/bin/../lib/gcc/arm-none-eabi/5.4.1]
    arg [-L/Users/dingyang/tools/gcc-arm-none-eabi/bin/../lib/gcc] ==> dir [/Users/dingyang/tools/gcc-arm-none-eabi/bin/../lib/gcc]
    arg [-L/Users/dingyang/tools/gcc-arm-none-eabi/bin/../lib/gcc/arm-none-eabi/5.4.1/../../../../arm-none-eabi/lib] ==> dir [/Users/dingyang/tools/gcc-arm-none-eabi/bin/../lib/gcc/arm-none-eabi/5.4.1/../../../../arm-none-eabi/lib]
    arg [-L/Users/dingyang/tools/gcc-arm-none-eabi/bin/../arm-none-eabi/lib] ==> dir [/Users/dingyang/tools/gcc-arm-none-eabi/bin/../arm-none-eabi/lib]
    arg [-gc-sections] ==> ignore
    arg [CMakeFiles/cmTC_25beb.dir/CMakeCXXCompilerABI.cpp.obj] ==> ignore
    arg [-lstdc++_nano] ==> lib [stdc++_nano]
    arg [-lm] ==> lib [m]
    arg [--start-group] ==> ignore
    arg [-lgcc] ==> lib [gcc]
    arg [-lg_nano] ==> lib [g_nano]
    arg [-lc_nano] ==> lib [c_nano]
    arg [--end-group] ==> ignore
    arg [--start-group] ==> ignore
    arg [-lgcc] ==> lib [gcc]
    arg [-lc_nano] ==> lib [c_nano]
    arg [-lnosys] ==> lib [nosys]
    arg [--end-group] ==> ignore
    arg [--start-group] ==> ignore
    arg [-lgcc] ==> lib [gcc]
    arg [-lc_nano] ==> lib [c_nano]
    arg [-lnosys] ==> lib [nosys]
    arg [--end-group] ==> ignore
    arg [/Users/dingyang/tools/gcc-arm-none-eabi/bin/../lib/gcc/arm-none-eabi/5.4.1/armv7e-m/crtend.o] ==> ignore
    arg [/Users/dingyang/tools/gcc-arm-none-eabi/bin/../lib/gcc/arm-none-eabi/5.4.1/armv7e-m/crtn.o] ==> ignore
    arg [-T] ==> ignore
    arg [/Users/dingyang/Public/GitHub/micromouse_projs/mms_test/STM32F446RETx_FLASH.ld] ==> ignore
  collapse library dir [/Users/dingyang/tools/gcc-arm-none-eabi/bin/../lib/gcc/arm-none-eabi/5.4.1/armv7e-m] ==> [/Users/dingyang/tools/gcc-arm-none-eabi/lib/gcc/arm-none-eabi/5.4.1/armv7e-m]
  collapse library dir [/Users/dingyang/tools/gcc-arm-none-eabi/bin/../lib/gcc/arm-none-eabi/5.4.1/../../../../arm-none-eabi/lib/armv7e-m] ==> [/Users/dingyang/tools/gcc-arm-none-eabi/arm-none-eabi/lib/armv7e-m]
  collapse library dir [/Users/dingyang/tools/gcc-arm-none-eabi/bin/../arm-none-eabi/lib/armv7e-m] ==> [/Users/dingyang/tools/gcc-arm-none-eabi/arm-none-eabi/lib/armv7e-m]
  collapse library dir [/Users/dingyang/tools/gcc-arm-none-eabi/bin/../lib/gcc/arm-none-eabi/5.4.1] ==> [/Users/dingyang/tools/gcc-arm-none-eabi/lib/gcc/arm-none-eabi/5.4.1]
  collapse library dir [/Users/dingyang/tools/gcc-arm-none-eabi/bin/../lib/gcc] ==> [/Users/dingyang/tools/gcc-arm-none-eabi/lib/gcc]
  collapse library dir [/Users/dingyang/tools/gcc-arm-none-eabi/bin/../lib/gcc/arm-none-eabi/5.4.1/../../../../arm-none-eabi/lib] ==> [/Users/dingyang/tools/gcc-arm-none-eabi/arm-none-eabi/lib]
  collapse library dir [/Users/dingyang/tools/gcc-arm-none-eabi/bin/../arm-none-eabi/lib] ==> [/Users/dingyang/tools/gcc-arm-none-eabi/arm-none-eabi/lib]
  implicit libs: [stdc++_nano;m;gcc;g_nano;c_nano;gcc;c_nano;nosys;gcc;c_nano;nosys]
  implicit dirs: [/Users/dingyang/tools/gcc-arm-none-eabi/lib/gcc/arm-none-eabi/5.4.1/armv7e-m;/Users/dingyang/tools/gcc-arm-none-eabi/arm-none-eabi/lib/armv7e-m;/Users/dingyang/tools/gcc-arm-none-eabi/lib/gcc/arm-none-eabi/5.4.1;/Users/dingyang/tools/gcc-arm-none-eabi/lib/gcc;/Users/dingyang/tools/gcc-arm-none-eabi/arm-none-eabi/lib]
  implicit fwks: []




Detecting CXX [-std=c++1z] compiler features compiled with the following output:
Change Dir: /Users/dingyang/Public/GitHub/micromouse_projs/mms_test/build/CMakeFiles/CMakeTmp

Run Build Command:"/usr/bin/make" "cmTC_f8e4c/fast"
/Library/Developer/CommandLineTools/usr/bin/make -f CMakeFiles/cmTC_f8e4c.dir/build.make CMakeFiles/cmTC_f8e4c.dir/build
Building CXX object CMakeFiles/cmTC_f8e4c.dir/feature_tests.cxx.obj
/Users/dingyang/tools/gcc-arm-none-eabi/bin/arm-none-eabi-g++    -mcpu=cortex-m4  -mthumb -mthumb-interwork -ffunction-sections -fdata-sections -g -fno-common -fmessage-length=0 -specs=nosys.specs -specs=nano.specs -std=c++11    -std=c++1z -o CMakeFiles/cmTC_f8e4c.dir/feature_tests.cxx.obj -c /Users/dingyang/Public/GitHub/micromouse_projs/mms_test/build/CMakeFiles/feature_tests.cxx
Linking CXX executable cmTC_f8e4c
/usr/local/Cellar/cmake/3.12.1/bin/cmake -E cmake_link_script CMakeFiles/cmTC_f8e4c.dir/link.txt --verbose=1
/Users/dingyang/tools/gcc-arm-none-eabi/bin/arm-none-eabi-g++  -mcpu=cortex-m4  -mthumb -mthumb-interwork -ffunction-sections -fdata-sections -g -fno-common -fmessage-length=0 -specs=nosys.specs -specs=nano.specs -std=c++11   -Wl,-gc-sections -T /Users/dingyang/Public/GitHub/micromouse_projs/mms_test/STM32F446RETx_FLASH.ld  CMakeFiles/cmTC_f8e4c.dir/feature_tests.cxx.obj  -o cmTC_f8e4c 
/Users/dingyang/tools/gcc-arm-none-eabi/bin/../lib/gcc/arm-none-eabi/5.4.1/../../../../arm-none-eabi/bin/ld: warning: cannot find entry symbol Reset_Handler; defaulting to 0000000008008000




Detecting CXX [-std=c++14] compiler features compiled with the following output:
Change Dir: /Users/dingyang/Public/GitHub/micromouse_projs/mms_test/build/CMakeFiles/CMakeTmp

Run Build Command:"/usr/bin/make" "cmTC_b08eb/fast"
/Library/Developer/CommandLineTools/usr/bin/make -f CMakeFiles/cmTC_b08eb.dir/build.make CMakeFiles/cmTC_b08eb.dir/build
Building CXX object CMakeFiles/cmTC_b08eb.dir/feature_tests.cxx.obj
/Users/dingyang/tools/gcc-arm-none-eabi/bin/arm-none-eabi-g++    -mcpu=cortex-m4  -mthumb -mthumb-interwork -ffunction-sections -fdata-sections -g -fno-common -fmessage-length=0 -specs=nosys.specs -specs=nano.specs -std=c++11    -std=c++14 -o CMakeFiles/cmTC_b08eb.dir/feature_tests.cxx.obj -c /Users/dingyang/Public/GitHub/micromouse_projs/mms_test/build/CMakeFiles/feature_tests.cxx
Linking CXX executable cmTC_b08eb
/usr/local/Cellar/cmake/3.12.1/bin/cmake -E cmake_link_script CMakeFiles/cmTC_b08eb.dir/link.txt --verbose=1
/Users/dingyang/tools/gcc-arm-none-eabi/bin/arm-none-eabi-g++  -mcpu=cortex-m4  -mthumb -mthumb-interwork -ffunction-sections -fdata-sections -g -fno-common -fmessage-length=0 -specs=nosys.specs -specs=nano.specs -std=c++11   -Wl,-gc-sections -T /Users/dingyang/Public/GitHub/micromouse_projs/mms_test/STM32F446RETx_FLASH.ld  CMakeFiles/cmTC_b08eb.dir/feature_tests.cxx.obj  -o cmTC_b08eb 
/Users/dingyang/tools/gcc-arm-none-eabi/bin/../lib/gcc/arm-none-eabi/5.4.1/../../../../arm-none-eabi/bin/ld: warning: cannot find entry symbol Reset_Handler; defaulting to 0000000008008000




Detecting CXX [-std=c++11] compiler features compiled with the following output:
Change Dir: /Users/dingyang/Public/GitHub/micromouse_projs/mms_test/build/CMakeFiles/CMakeTmp

Run Build Command:"/usr/bin/make" "cmTC_b1332/fast"
/Library/Developer/CommandLineTools/usr/bin/make -f CMakeFiles/cmTC_b1332.dir/build.make CMakeFiles/cmTC_b1332.dir/build
Building CXX object CMakeFiles/cmTC_b1332.dir/feature_tests.cxx.obj
/Users/dingyang/tools/gcc-arm-none-eabi/bin/arm-none-eabi-g++    -mcpu=cortex-m4  -mthumb -mthumb-interwork -ffunction-sections -fdata-sections -g -fno-common -fmessage-length=0 -specs=nosys.specs -specs=nano.specs -std=c++11    -std=c++11 -o CMakeFiles/cmTC_b1332.dir/feature_tests.cxx.obj -c /Users/dingyang/Public/GitHub/micromouse_projs/mms_test/build/CMakeFiles/feature_tests.cxx
Linking CXX executable cmTC_b1332
/usr/local/Cellar/cmake/3.12.1/bin/cmake -E cmake_link_script CMakeFiles/cmTC_b1332.dir/link.txt --verbose=1
/Users/dingyang/tools/gcc-arm-none-eabi/bin/arm-none-eabi-g++  -mcpu=cortex-m4  -mthumb -mthumb-interwork -ffunction-sections -fdata-sections -g -fno-common -fmessage-length=0 -specs=nosys.specs -specs=nano.specs -std=c++11   -Wl,-gc-sections -T /Users/dingyang/Public/GitHub/micromouse_projs/mms_test/STM32F446RETx_FLASH.ld  CMakeFiles/cmTC_b1332.dir/feature_tests.cxx.obj  -o cmTC_b1332 
/Users/dingyang/tools/gcc-arm-none-eabi/bin/../lib/gcc/arm-none-eabi/5.4.1/../../../../arm-none-eabi/bin/ld: warning: cannot find entry symbol Reset_Handler; defaulting to 0000000008008000




Detecting CXX [-std=c++98] compiler features compiled with the following output:
Change Dir: /Users/dingyang/Public/GitHub/micromouse_projs/mms_test/build/CMakeFiles/CMakeTmp

Run Build Command:"/usr/bin/make" "cmTC_3a7ce/fast"
/Library/Developer/CommandLineTools/usr/bin/make -f CMakeFiles/cmTC_3a7ce.dir/build.make CMakeFiles/cmTC_3a7ce.dir/build
Building CXX object CMakeFiles/cmTC_3a7ce.dir/feature_tests.cxx.obj
/Users/dingyang/tools/gcc-arm-none-eabi/bin/arm-none-eabi-g++    -mcpu=cortex-m4  -mthumb -mthumb-interwork -ffunction-sections -fdata-sections -g -fno-common -fmessage-length=0 -specs=nosys.specs -specs=nano.specs -std=c++11    -std=c++98 -o CMakeFiles/cmTC_3a7ce.dir/feature_tests.cxx.obj -c /Users/dingyang/Public/GitHub/micromouse_projs/mms_test/build/CMakeFiles/feature_tests.cxx
Linking CXX executable cmTC_3a7ce
/usr/local/Cellar/cmake/3.12.1/bin/cmake -E cmake_link_script CMakeFiles/cmTC_3a7ce.dir/link.txt --verbose=1
/Users/dingyang/tools/gcc-arm-none-eabi/bin/arm-none-eabi-g++  -mcpu=cortex-m4  -mthumb -mthumb-interwork -ffunction-sections -fdata-sections -g -fno-common -fmessage-length=0 -specs=nosys.specs -specs=nano.specs -std=c++11   -Wl,-gc-sections -T /Users/dingyang/Public/GitHub/micromouse_projs/mms_test/STM32F446RETx_FLASH.ld  CMakeFiles/cmTC_3a7ce.dir/feature_tests.cxx.obj  -o cmTC_3a7ce 
/Users/dingyang/tools/gcc-arm-none-eabi/bin/../lib/gcc/arm-none-eabi/5.4.1/../../../../arm-none-eabi/bin/ld: warning: cannot find entry symbol Reset_Handler; defaulting to 0000000008008000


